[debug] [2021-10-04T13:45:38.708Z] ----------------------------------------------------------------------
[debug] [2021-10-04T13:45:38.718Z] Command:       C:\Program Files\nodejs\node.exe C:\Users\kevin\AppData\Roaming\npm\node_modules\firebase-tools\lib\bin\firebase.js emulators:start
[debug] [2021-10-04T13:45:38.720Z] CLI Version:   9.16.5
[debug] [2021-10-04T13:45:38.720Z] Platform:      win32
[debug] [2021-10-04T13:45:38.720Z] Node Version:  v14.15.4
[debug] [2021-10-04T13:45:38.724Z] Time:          Mon Oct 04 2021 16:45:38 GMT+0300 (East Africa Time)
[debug] [2021-10-04T13:45:38.725Z] ----------------------------------------------------------------------
[debug] 
[debug] [2021-10-04T13:45:38.737Z] >>> [apiv2][query] GET https://firebase-public.firebaseio.com/cli.json [none]
[debug] [2021-10-04T13:45:39.285Z] > command requires scopes: ["email","openid","https://www.googleapis.com/auth/cloudplatformprojects.readonly","https://www.googleapis.com/auth/firebase","https://www.googleapis.com/auth/cloud-platform"]
[debug] [2021-10-04T13:45:39.287Z] > authorizing via signed-in user (kevinmuindi10@gmail.com)
[info] i  emulators: Starting emulators: functions, database {"metadata":{"emulator":{"name":"hub"},"message":"Starting emulators: functions, database"}}
[debug] [2021-10-04T13:45:39.523Z] [hub] writing locator at C:\Users\kevin\AppData\Local\Temp\hub-challenge-1dcd6.json
[warn] !  functions: The following emulators are not running, calls to these services from the Functions emulator will affect production: auth, firestore, hosting, pubsub, storage {"metadata":{"emulator":{"name":"functions"},"message":"The following emulators are not running, calls to these services from the Functions emulator will affect production: \u001b[1mauth, firestore, hosting, pubsub, storage\u001b[22m"}}
[warn] !  Your requested "node" version "12" doesn't match your global version "14" {"metadata":{"emulator":{"name":"functions"},"message":"Your requested \"node\" version \"12\" doesn't match your global version \"14\""}}
[debug] [2021-10-04T13:45:39.832Z] defaultcredentials: writing to file C:\Users\kevin\AppData\Roaming\firebase\kevinmuindi10_gmail_com_application_default_credentials.json
[debug] [2021-10-04T13:45:39.870Z] Setting GAC to C:\Users\kevin\AppData\Roaming\firebase\kevinmuindi10_gmail_com_application_default_credentials.json {"metadata":{"emulator":{"name":"functions"},"message":"Setting GAC to C:\\Users\\kevin\\AppData\\Roaming\\firebase\\kevinmuindi10_gmail_com_application_default_credentials.json"}}
[debug] [2021-10-04T13:45:39.876Z] > refreshing access token with scopes: []
[debug] [2021-10-04T13:45:39.880Z] >>> HTTP REQUEST POST https://www.googleapis.com/oauth2/v3/token  
 <request body omitted>
[debug] [2021-10-04T13:45:40.444Z] <<< [apiv2][status] GET https://firebase-public.firebaseio.com/cli.json 200
[debug] [2021-10-04T13:45:40.446Z] <<< [apiv2][body] GET https://firebase-public.firebaseio.com/cli.json {"cloudBuildErrorAfter":1594252800000,"cloudBuildWarnAfter":1590019200000,"defaultNode10After":1594252800000,"minVersion":"3.0.5","node8DeploysDisabledAfter":1613390400000,"node8RuntimeDisabledAfter":1615809600000,"node8WarnAfter":1600128000000}
[debug] [2021-10-04T13:45:40.543Z] <<< HTTP RESPONSE 200 {"expires":"Mon, 01 Jan 1990 00:00:00 GMT","date":"Mon, 04 Oct 2021 13:45:41 GMT","cache-control":"no-cache, no-store, max-age=0, must-revalidate","pragma":"no-cache","content-type":"application/json; charset=utf-8","vary":"X-Origin, Referer, Origin,Accept-Encoding","server":"scaffolding on HTTPServer2","x-xss-protection":"0","x-frame-options":"SAMEORIGIN","x-content-type-options":"nosniff","alt-svc":"h3=\":443\"; ma=2592000,h3-29=\":443\"; ma=2592000,h3-T051=\":443\"; ma=2592000,h3-Q050=\":443\"; ma=2592000,h3-Q046=\":443\"; ma=2592000,h3-Q043=\":443\"; ma=2592000,quic=\":443\"; ma=2592000; v=\"46,43\"","accept-ranges":"none","transfer-encoding":"chunked"}
[debug] [2021-10-04T13:45:40.768Z] >>> [apiv2][query] GET https://firebase.googleapis.com/v1beta1/projects/challenge-1dcd6/adminSdkConfig [none]
[debug] [2021-10-04T13:45:41.571Z] <<< [apiv2][status] GET https://firebase.googleapis.com/v1beta1/projects/challenge-1dcd6/adminSdkConfig 200
[debug] [2021-10-04T13:45:41.572Z] <<< [apiv2][body] GET https://firebase.googleapis.com/v1beta1/projects/challenge-1dcd6/adminSdkConfig {"projectId":"challenge-1dcd6","databaseURL":"https://challenge-1dcd6-default-rtdb.europe-west1.firebasedatabase.app","storageBucket":"challenge-1dcd6.appspot.com"}
[debug] [2021-10-04T13:45:41.688Z] >>> [apiv2][query] GET https://firebase.googleapis.com/v1beta1/projects/challenge-1dcd6 [none]
[debug] [2021-10-04T13:45:42.225Z] <<< [apiv2][status] GET https://firebase.googleapis.com/v1beta1/projects/challenge-1dcd6 200
[debug] [2021-10-04T13:45:42.226Z] <<< [apiv2][body] GET https://firebase.googleapis.com/v1beta1/projects/challenge-1dcd6 {"projectId":"challenge-1dcd6","projectNumber":"724237870853","displayName":"amazon-challenge","name":"projects/challenge-1dcd6","resources":{"hostingSite":"challenge-1dcd6","realtimeDatabaseInstance":"challenge-1dcd6-default-rtdb"},"state":"ACTIVE"}
[debug] [2021-10-04T13:45:42.228Z] database rules config:  [{"instance":"challenge-1dcd6-default-rtdb","rules":"C:\\xampp\\htdocs\\amazon-clone\\database.rules.json"}]
[debug] [2021-10-04T13:45:42.270Z] Ignoring unsupported arg: projectId {"metadata":{"emulator":{"name":"database"},"message":"Ignoring unsupported arg: projectId"}}
[debug] [2021-10-04T13:45:42.271Z] Ignoring unsupported arg: auto_download {"metadata":{"emulator":{"name":"database"},"message":"Ignoring unsupported arg: auto_download"}}
[debug] [2021-10-04T13:45:42.272Z] Ignoring unsupported arg: rules {"metadata":{"emulator":{"name":"database"},"message":"Ignoring unsupported arg: rules"}}
[debug] [2021-10-04T13:45:42.272Z] Starting Database Emulator with command {"binary":"java","args":["-Duser.language=en","-jar","C:\\Users\\kevin\\.cache\\firebase\\emulators\\firebase-database-emulator-v4.7.2.jar","--host","localhost","--port",9000,"--functions_emulator_host","localhost","--functions_emulator_port",5001],"optionalArgs":["port","host","functions_emulator_port","functions_emulator_host"],"joinArgs":false} {"metadata":{"emulator":{"name":"database"},"message":"Starting Database Emulator with command {\"binary\":\"java\",\"args\":[\"-Duser.language=en\",\"-jar\",\"C:\\\\Users\\\\kevin\\\\.cache\\\\firebase\\\\emulators\\\\firebase-database-emulator-v4.7.2.jar\",\"--host\",\"localhost\",\"--port\",9000,\"--functions_emulator_host\",\"localhost\",\"--functions_emulator_port\",5001],\"optionalArgs\":[\"port\",\"host\",\"functions_emulator_port\",\"functions_emulator_host\"],\"joinArgs\":false}"}}
[info] i  database: Database Emulator logging to database-debug.log {"metadata":{"emulator":{"name":"database"},"message":"Database Emulator logging to \u001b[1mdatabase-debug.log\u001b[22m"}}
[debug] [2021-10-04T13:46:04.937Z] [work-queue] {"queueLength":1,"workRunningCount":0}
[debug] [2021-10-04T13:46:04.939Z] [work-queue] {"queueLength":0,"workRunningCount":1}
[debug] [2021-10-04T13:46:04.980Z] [work-queue] {"queueLength":0,"workRunningCount":0}
[debug] [2021-10-04T13:46:08.230Z] 16:46:08.198 [NamespaceSystem-akka.actor.default-dispatcher-6] INFO akka.event.slf4j.Slf4jLogger - Slf4jLogger started
 {"metadata":{"emulator":{"name":"database"},"message":"16:46:08.198 [NamespaceSystem-akka.actor.default-dispatcher-6] INFO akka.event.slf4j.Slf4jLogger - Slf4jLogger started\r\n"}}
[debug] [2021-10-04T13:46:09.127Z] [work-queue] {"queueLength":1,"workRunningCount":0}
[debug] [2021-10-04T13:46:09.128Z] [work-queue] {"queueLength":0,"workRunningCount":1}
[debug] [2021-10-04T13:46:09.130Z] [work-queue] {"queueLength":0,"workRunningCount":0}
[debug] [2021-10-04T13:46:11.099Z] 16:46:11.098 [main] INFO com.firebase.server.forge.App$ - Listening at localhost:9000
 {"metadata":{"emulator":{"name":"database"},"message":"16:46:11.098 [main] INFO com.firebase.server.forge.App$ - Listening at localhost:9000\r\n"}}
[info] i  ui: downloading ui-v1.6.2.zip... {"metadata":{"emulator":{"name":"ui"},"message":"downloading ui-v1.6.2.zip..."}}
[debug] [2021-10-04T13:46:12.901Z] >>> [apiv2][query] GET https://storage.googleapis.com/firebase-preview-drop/emulator/ui-v1.6.2.zip 
[debug] [2021-10-04T13:46:13.695Z] <<< [apiv2][status] GET https://storage.googleapis.com/firebase-preview-drop/emulator/ui-v1.6.2.zip 200
[debug] [2021-10-04T13:46:13.696Z] <<< [apiv2][body] GET https://storage.googleapis.com/firebase-preview-drop/emulator/ui-v1.6.2.zip [stream]
[info] i  ui: Removing outdated emulator files: ui-v1.4.2 {"metadata":{"emulator":{"name":"ui"},"message":"Removing outdated emulator files: ui-v1.4.2"}}
[info] i  ui: Removing outdated emulator files: ui-v1.4.2.zip {"metadata":{"emulator":{"name":"ui"},"message":"Removing outdated emulator files: ui-v1.4.2.zip"}}
[debug] [2021-10-04T13:46:24.912Z] Ignoring unsupported arg: auto_download {"metadata":{"emulator":{"name":"ui"},"message":"Ignoring unsupported arg: auto_download"}}
[debug] [2021-10-04T13:46:24.913Z] Ignoring unsupported arg: port {"metadata":{"emulator":{"name":"ui"},"message":"Ignoring unsupported arg: port"}}
[debug] [2021-10-04T13:46:24.913Z] Starting Emulator UI with command {"binary":"node","args":["C:\\Users\\kevin\\.cache\\firebase\\emulators\\ui-v1.6.2\\server.bundle.js"],"optionalArgs":[],"joinArgs":false} {"metadata":{"emulator":{"name":"ui"},"message":"Starting Emulator UI with command {\"binary\":\"node\",\"args\":[\"C:\\\\Users\\\\kevin\\\\.cache\\\\firebase\\\\emulators\\\\ui-v1.6.2\\\\server.bundle.js\"],\"optionalArgs\":[],\"joinArgs\":false}"}}
[info] i  ui: Emulator UI logging to ui-debug.log {"metadata":{"emulator":{"name":"ui"},"message":"Emulator UI logging to \u001b[1mui-debug.log\u001b[22m"}}
[debug] [2021-10-04T13:46:25.838Z] Web / API server started at localhost:4000
 {"metadata":{"emulator":{"name":"ui"},"message":"Web / API server started at localhost:4000\n"}}
[info] i  functions: Watching "C:\xampp\htdocs\amazon-clone\functions" for Cloud Functions... {"metadata":{"emulator":{"name":"functions"},"message":"Watching \"C:\\xampp\\htdocs\\amazon-clone\\functions\" for Cloud Functions..."}}
[debug] [2021-10-04T13:46:26.205Z] [worker-pool] addWorker(~diagnostic~) {"metadata":{"emulator":{"name":"functions"},"message":"[worker-pool] addWorker(~diagnostic~)"}}
[debug] [2021-10-04T13:46:26.206Z] [worker-pool] Adding worker with key ~diagnostic~, total=1 {"metadata":{"emulator":{"name":"functions"},"message":"[worker-pool] Adding worker with key ~diagnostic~, total=1"}}
[debug] [2021-10-04T13:46:26.207Z] [worker-pool] submitWork(triggerId=) {"metadata":{"emulator":{"name":"functions"},"message":"[worker-pool] submitWork(triggerId=)"}}
[debug] [2021-10-04T13:46:26.208Z] [worker-~diagnostic~-9f78787d-9d98-49eb-a0e5-e360b65aaedc]: Assigning socketPath: \\?\pipe\C:\xampp\htdocs\amazon-clone\functions\4308 {"metadata":{"emulator":{"name":"functions"},"message":"[worker-~diagnostic~-9f78787d-9d98-49eb-a0e5-e360b65aaedc]: Assigning socketPath: \\\\?\\pipe\\C:\\xampp\\htdocs\\amazon-clone\\functions\\4308"}}
[debug] [2021-10-04T13:46:26.209Z] [worker-~diagnostic~-9f78787d-9d98-49eb-a0e5-e360b65aaedc]: BUSY {"metadata":{"emulator":{"name":"functions"},"message":"[worker-~diagnostic~-9f78787d-9d98-49eb-a0e5-e360b65aaedc]: BUSY"}}
